2023.08.26 21:12:34 INFO  Started: Metals version 1.0.0 in folders '/home/mikolaj/exercism/scala/spiral-matrix' for client Visual Studio Code 1.81.1.[0m
Aug 26, 2023 9:12:35 PM org.flywaydb.core.internal.license.VersionPrinter printVersionOnly
INFO: Flyway Community Edition 9.20.1 by Redgate
Aug 26, 2023 9:12:35 PM org.flywaydb.core.internal.license.VersionPrinter printVersion
INFO: See release notes here: https://rd.gt/416ObMi
Aug 26, 2023 9:12:35 PM org.flywaydb.core.internal.license.VersionPrinter printVersion
INFO: 
Aug 26, 2023 9:12:35 PM org.flywaydb.core.internal.database.base.BaseDatabaseType createDatabase
INFO: Database: jdbc:h2:file:/home/mikolaj/exercism/scala/spiral-matrix/.metals/metals (H2 2.1)
Aug 26, 2023 9:12:35 PM org.flywaydb.core.internal.schemahistory.JdbcTableSchemaHistory allAppliedMigrations
INFO: Schema history table "PUBLIC"."flyway_schema_history" does not exist yet
Aug 26, 2023 9:12:35 PM org.flywaydb.core.internal.command.DbValidate validate
INFO: Successfully validated 4 migrations (execution time 00:00.023s)
Aug 26, 2023 9:12:35 PM org.flywaydb.core.internal.schemahistory.JdbcTableSchemaHistory create
INFO: Creating Schema History table "PUBLIC"."flyway_schema_history" ...
Aug 26, 2023 9:12:35 PM org.flywaydb.core.internal.command.DbMigrate migrateGroup
INFO: Current version of schema "PUBLIC": << Empty Schema >>
Aug 26, 2023 9:12:35 PM org.flywaydb.core.internal.command.DbMigrate doMigrateGroup
INFO: Migrating schema "PUBLIC" to version "1 - Create tables"
Aug 26, 2023 9:12:35 PM org.flywaydb.core.internal.command.DbMigrate doMigrateGroup
INFO: Migrating schema "PUBLIC" to version "2 - Server discovery"
Aug 26, 2023 9:12:35 PM org.flywaydb.core.internal.command.DbMigrate doMigrateGroup
INFO: Migrating schema "PUBLIC" to version "3 - Jar symbols"
Aug 26, 2023 9:12:35 PM org.flywaydb.core.internal.command.DbMigrate doMigrateGroup
INFO: Migrating schema "PUBLIC" to version "4 - Fingerprints"
Aug 26, 2023 9:12:35 PM org.flywaydb.core.internal.command.DbMigrate logSummary
INFO: Successfully applied 4 migrations to schema "PUBLIC", now at version v4 (execution time 00:00.031s)
2023.08.26 21:12:35 INFO  time: initialize in 0.77s[0m
2023.08.26 21:12:38 WARN  Build server is not auto-connectable.[0m
2023.08.26 21:12:40 WARN  no build target for: /home/mikolaj/exercism/scala/spiral-matrix/src/main/scala/SpiralMatrix.scala[0m
2023.08.26 21:12:45 INFO  no build target found for /home/mikolaj/exercism/scala/spiral-matrix/src/main/scala/SpiralMatrix.scala. Using presentation compiler with project's scala-library version: 3.3.0[0m
2023.08.26 21:12:46 INFO  time: code lens generation in 5.6s[0m
2023.08.26 21:12:54 INFO  running '/usr/lib/jvm/java-11-openjdk-amd64/bin/java -Djline.terminal=jline.UnsupportedTerminal -Dsbt.log.noformat=true -Dfile.encoding=UTF-8 -Dsbt.version=1.9.2 -jar /tmp/metals12669986122707479619/sbt-launch.jar -Dbloop.export-jar-classifiers=sources bloopInstall'[0m
2023.08.26 21:12:54 ERROR [info] [launcher] getting org.scala-sbt sbt 1.9.2  (this may take some time)...[0m
2023.08.26 21:13:02 INFO  [info] Updated file /home/mikolaj/exercism/scala/spiral-matrix/project/build.properties: set sbt.version to 1.9.2[0m
2023.08.26 21:13:02 INFO  [info] welcome to sbt 1.9.2 (Ubuntu Java 11.0.20)[0m
2023.08.26 21:13:05 INFO  [info] loading settings for project spiral-matrix-build-build from metals.sbt ...[0m
2023.08.26 21:13:05 INFO  [info] loading project definition from /home/mikolaj/exercism/scala/spiral-matrix/project/project[0m
2023.08.26 21:13:09 INFO  [info] loading settings for project spiral-matrix-build from metals.sbt ...[0m
2023.08.26 21:13:09 INFO  [info] loading project definition from /home/mikolaj/exercism/scala/spiral-matrix/project[0m
2023.08.26 21:13:17 INFO  [success] Generated .bloop/spiral-matrix-build.json[0m
2023.08.26 21:13:17 INFO  [success] Total time: 8 s, completed Aug 26, 2023, 9:13:17 PM[0m
2023.08.26 21:13:19 INFO  [info] loading settings for project spiral-matrix from build.sbt ...[0m
2023.08.26 21:13:19 INFO  [info] set current project to spiral-matrix (in build file:/home/mikolaj/exercism/scala/spiral-matrix/)[0m
2023.08.26 21:13:19 INFO  [success] Generated .bloop/spiral-matrix-test.json[0m
2023.08.26 21:13:19 INFO  [success] Generated .bloop/spiral-matrix.json[0m
2023.08.26 21:13:19 INFO  [success] Total time: 0 s, completed Aug 26, 2023, 9:13:19 PM[0m
2023.08.26 21:13:20 INFO  time: ran 'sbt bloopInstall' in 25s[0m
2023.08.26 21:13:20 INFO  Attempting to connect to the build server...[0m
2023.08.26 21:13:20 INFO  Setting up current java home /usr/lib/jvm/java-11-openjdk-amd64 in /home/mikolaj/.bloop/bloop.json[0m
2023.08.26 21:13:20 WARN  no build target for: /home/mikolaj/exercism/scala/spiral-matrix/src/main/scala/SpiralMatrix.scala[0m
2023.08.26 21:13:25 INFO  tracing is disabled for protocol BSP, to enable tracing of incoming and outgoing JSON messages create an empty file at /home/mikolaj/exercism/scala/spiral-matrix/.metals/bsp.trace.json or /home/mikolaj/.cache/metals/bsp.trace.json[0m
2023.08.26 21:13:37 INFO  Attempting to connect to the build server...[0m
2023.08.26 21:13:37 INFO  Bloop uses /usr/lib/jvm/java-11-openjdk-amd64 defined at /home/mikolaj/.bloop/bloop.json[0m
2023.08.26 21:13:37 INFO  tracing is disabled for protocol BSP, to enable tracing of incoming and outgoing JSON messages create an empty file at /home/mikolaj/exercism/scala/spiral-matrix/project/.metals/bsp.trace.json or /home/mikolaj/.cache/metals/bsp.trace.json[0m
2023.08.26 21:13:40 INFO  time: Connected to build server in 19s[0m
2023.08.26 21:13:40 INFO  Connected to Build server: Bloop v1.5.8[0m
2023.08.26 21:13:40 INFO  time: Imported build in 0.19s[0m
Aug 26, 2023 9:13:41 PM org.eclipse.lsp4j.jsonrpc.RemoteEndpoint handleCancellation
WARNING: Unmatched cancel notification for request id 22
2023.08.26 21:13:47 WARN  Could not find java sources in /usr/lib/jvm/src.zip, /usr/lib/jvm/lib/src.zip, /usr/lib/jvm/java-11-openjdk-amd64/src.zip, /usr/lib/jvm/java-11-openjdk-amd64/lib/src.zip, /usr/lib/jvm/src.zip, /usr/lib/jvm/lib/src.zip, /usr/lib/jvm/java-11-openjdk-amd64/src.zip, /usr/lib/jvm/java-11-openjdk-amd64/lib/src.zip. Java symbols will not be available.[0m
2023.08.26 21:13:50 WARN  Could not find java sources in /usr/lib/jvm/src.zip, /usr/lib/jvm/lib/src.zip, /usr/lib/jvm/java-11-openjdk-amd64/src.zip, /usr/lib/jvm/java-11-openjdk-amd64/lib/src.zip, /usr/lib/jvm/src.zip, /usr/lib/jvm/lib/src.zip, /usr/lib/jvm/java-11-openjdk-amd64/src.zip, /usr/lib/jvm/java-11-openjdk-amd64/lib/src.zip. Java symbols will not be available.[0m
2023.08.26 21:13:50 WARN  Could not find java sources in /usr/lib/jvm/src.zip, /usr/lib/jvm/lib/src.zip, /usr/lib/jvm/java-11-openjdk-amd64/src.zip, /usr/lib/jvm/java-11-openjdk-amd64/lib/src.zip, /usr/lib/jvm/src.zip, /usr/lib/jvm/lib/src.zip, /usr/lib/jvm/java-11-openjdk-amd64/src.zip, /usr/lib/jvm/java-11-openjdk-amd64/lib/src.zip. Java symbols will not be available.[0m
2023.08.26 21:13:50 INFO  time: indexed workspace in 10s[0m
2023.08.26 21:13:51 INFO  compiling spiral-matrix (1 scala source)[0m
2023.08.26 21:14:05 INFO  time: compiled spiral-matrix in 14s[0m
2023.08.26 21:14:14 INFO  compiling spiral-matrix (1 scala source)[0m
2023.08.26 21:14:14 INFO  time: compiled spiral-matrix in 0.15s[0m
2023.08.26 21:14:17 INFO  compiling spiral-matrix (1 scala source)[0m
2023.08.26 21:14:17 INFO  time: compiled spiral-matrix in 0.1s[0m
2023.08.26 21:14:21 INFO  compiling spiral-matrix (1 scala source)[0m
2023.08.26 21:14:21 INFO  time: compiled spiral-matrix in 97ms[0m
Aug 26, 2023 9:14:49 PM org.eclipse.lsp4j.jsonrpc.services.GenericEndpoint notify
INFO: Unsupported notification method: $/setTrace
2023.08.26 21:15:02 INFO  compiling spiral-matrix (1 scala source)[0m
2023.08.26 21:15:02 INFO  time: compiled spiral-matrix in 93ms[0m
2023.08.26 21:15:05 INFO  compiling spiral-matrix (1 scala source)[0m
2023.08.26 21:15:05 INFO  time: compiled spiral-matrix in 81ms[0m
2023.08.26 21:15:12 INFO  compiling spiral-matrix (1 scala source)[0m
2023.08.26 21:15:12 INFO  time: compiled spiral-matrix in 74ms[0m
2023.08.26 21:15:59 INFO  compiling spiral-matrix (1 scala source)[0m
2023.08.26 21:15:59 INFO  time: compiled spiral-matrix in 0.11s[0m
2023.08.26 21:16:06 INFO  compiling spiral-matrix (1 scala source)[0m
2023.08.26 21:16:06 INFO  time: compiled spiral-matrix in 0.11s[0m
2023.08.26 21:16:25 INFO  compiling spiral-matrix (1 scala source)[0m
2023.08.26 21:16:25 INFO  time: compiled spiral-matrix in 75ms[0m
2023.08.26 21:16:26 INFO  compiling spiral-matrix (1 scala source)[0m
2023.08.26 21:16:26 INFO  time: compiled spiral-matrix in 66ms[0m
2023.08.26 21:17:21 INFO  compiling spiral-matrix (1 scala source)[0m
2023.08.26 21:17:21 INFO  time: compiled spiral-matrix in 64ms[0m
2023.08.26 21:17:35 INFO  compiling spiral-matrix (1 scala source)[0m
2023.08.26 21:17:35 INFO  time: compiled spiral-matrix in 64ms[0m
2023.08.26 21:17:59 INFO  compiling spiral-matrix (1 scala source)[0m
2023.08.26 21:17:59 INFO  time: compiled spiral-matrix in 72ms[0m
2023.08.26 21:18:02 INFO  compiling spiral-matrix (1 scala source)[0m
2023.08.26 21:18:02 INFO  time: compiled spiral-matrix in 68ms[0m
2023.08.26 21:18:26 INFO  compiling spiral-matrix (1 scala source)[0m
2023.08.26 21:18:26 INFO  time: compiled spiral-matrix in 65ms[0m
2023.08.26 21:19:33 INFO  compiling spiral-matrix (1 scala source)[0m
2023.08.26 21:19:33 INFO  time: compiled spiral-matrix in 65ms[0m
Aug 26, 2023 9:20:13 PM org.eclipse.lsp4j.jsonrpc.RemoteEndpoint handleNotification
WARNING: Notification threw an exception: {
  "jsonrpc": "2.0",
  "method": "textDocument/didChange",
  "params": {
    "textDocument": {
      "version": 163,
      "uri": "file:///home/mikolaj/exercism/scala/spiral-matrix/src/main/scala/SpiralMatrix.scala"
    },
    "contentChanges": [
      {
        "text": "\n  def solve(): List(List[Int]) \u003d List(List(1,2), List(1,2))\n}\n\n\n\n\n//   def natural: Stream[Long] \u003d {\n//     def naturalHelper: Long \u003d\u003e Stream[Long] \u003d {\n//       n \u003d\u003e n #:: naturalHelper(n+1)\n//     }\n//     naturalHelper(1)\n//   }"
      }
    ]
  }
}
java.lang.RuntimeException: java.lang.reflect.InvocationTargetException
	at org.eclipse.lsp4j.jsonrpc.services.GenericEndpoint.lambda$null$0(GenericEndpoint.java:67)
	at org.eclipse.lsp4j.jsonrpc.services.GenericEndpoint.notify(GenericEndpoint.java:152)
	at org.eclipse.lsp4j.jsonrpc.RemoteEndpoint.handleNotification(RemoteEndpoint.java:220)
	at org.eclipse.lsp4j.jsonrpc.RemoteEndpoint.consume(RemoteEndpoint.java:187)
	at org.eclipse.lsp4j.jsonrpc.json.StreamMessageProducer.handleMessage(StreamMessageProducer.java:194)
	at org.eclipse.lsp4j.jsonrpc.json.StreamMessageProducer.listen(StreamMessageProducer.java:94)
	at org.eclipse.lsp4j.jsonrpc.json.ConcurrentMessageProcessor.run(ConcurrentMessageProcessor.java:113)
	at java.base/java.util.concurrent.Executors$RunnableAdapter.call(Executors.java:515)
	at java.base/java.util.concurrent.FutureTask.run(FutureTask.java:264)
	at java.base/java.util.concurrent.ThreadPoolExecutor.runWorker(ThreadPoolExecutor.java:1128)
	at java.base/java.util.concurrent.ThreadPoolExecutor$Worker.run(ThreadPoolExecutor.java:628)
	at java.base/java.lang.Thread.run(Thread.java:829)
Caused by: java.lang.reflect.InvocationTargetException
	at jdk.internal.reflect.GeneratedMethodAccessor4.invoke(Unknown Source)
	at java.base/jdk.internal.reflect.DelegatingMethodAccessorImpl.invoke(DelegatingMethodAccessorImpl.java:43)
	at java.base/java.lang.reflect.Method.invoke(Method.java:566)
	at org.eclipse.lsp4j.jsonrpc.services.GenericEndpoint.lambda$null$0(GenericEndpoint.java:65)
	... 11 more
Caused by: java.lang.IllegalArgumentException: -1 is not a valid offset, allowed [0..231]
	at scala.meta.internal.inputs.InternalInput.offsetToLine(InternalInput.scala:48)
	at scala.meta.internal.inputs.InternalInput.offsetToLine$(InternalInput.scala:42)
	at scala.meta.inputs.Input$VirtualFile.offsetToLine(Input.scala:80)
	at scala.meta.inputs.Position$Range.startLine(Position.scala:39)
	at scala.meta.internal.mtags.ScalametaCommonEnrichments$XtensionMetaPosition.toLsp(ScalametaCommonEnrichments.scala:49)
	at scala.meta.internal.parsing.TokenEditDistance$Diff.$anonfun$toRevised$1(TokenEditDistance.scala:246)
	at scala.Option.flatMap(Option.scala:283)
	at scala.meta.internal.parsing.TokenEditDistance$Diff.toRevised(TokenEditDistance.scala:165)
	at scala.meta.internal.metals.Diagnostics.toFreshDiagnostic(Diagnostics.scala:266)
	at scala.meta.internal.metals.Diagnostics.$anonfun$publishDiagnostics$3(Diagnostics.scala:232)
	at scala.meta.internal.metals.Diagnostics.$anonfun$publishDiagnostics$3$adapted(Diagnostics.scala:231)
	at scala.collection.IterableOnceOps.foreach(IterableOnce.scala:576)
	at scala.collection.IterableOnceOps.foreach$(IterableOnce.scala:574)
	at scala.collection.AbstractIterable.foreach(Iterable.scala:933)
	at scala.meta.internal.metals.Diagnostics.publishDiagnostics(Diagnostics.scala:231)
	at scala.meta.internal.metals.Diagnostics.publishDiagnostics(Diagnostics.scala:188)
	at scala.meta.internal.metals.Diagnostics.didChange(Diagnostics.scala:136)
	at scala.meta.internal.metals.MetalsLspService.didChange(MetalsLspService.scala:1114)
	at scala.meta.internal.metals.WorkspaceLspService.didChange(WorkspaceLspService.scala:326)
	at scala.meta.metals.lsp.DelegatingScalaService.didChange(DelegatingScalaService.scala:50)
	... 15 more

2023.08.26 21:20:17 INFO  compiling spiral-matrix (1 scala source)[0m
2023.08.26 21:20:17 INFO  time: compiled spiral-matrix in 74ms[0m
2023.08.26 21:20:50 INFO  compiling spiral-matrix (1 scala source)[0m
2023.08.26 21:20:52 INFO  time: compiled spiral-matrix in 2.12s[0m
2023.08.26 21:21:36 INFO  compiling spiral-matrix-test (1 scala source)[0m
2023.08.26 21:21:36 INFO  time: compiled spiral-matrix-test in 0.71s[0m
Aug 26, 2023 9:21:54 PM org.eclipse.lsp4j.jsonrpc.RemoteEndpoint handleCancellation
WARNING: Unmatched cancel notification for request id 1180
2023.08.26 21:21:55 INFO  compiling spiral-matrix (1 scala source)[0m
2023.08.26 21:21:55 INFO  time: compiled spiral-matrix in 0.23s[0m
2023.08.26 21:36:52 INFO  Started: Metals version 1.0.0 in folders '/home/mikolaj/exercism/scala/spiral-matrix' for client Visual Studio Code 1.81.1.[0m
Aug 26, 2023 9:36:53 PM org.flywaydb.core.internal.license.VersionPrinter printVersionOnly
INFO: Flyway Community Edition 9.20.1 by Redgate
Aug 26, 2023 9:36:53 PM org.flywaydb.core.internal.license.VersionPrinter printVersion
INFO: See release notes here: https://rd.gt/416ObMi
Aug 26, 2023 9:36:53 PM org.flywaydb.core.internal.license.VersionPrinter printVersion
INFO: 
Aug 26, 2023 9:36:56 PM org.flywaydb.core.internal.database.base.BaseDatabaseType createDatabase
INFO: Database: jdbc:h2:file:/home/mikolaj/exercism/scala/spiral-matrix/.metals/metals (H2 2.1)
Aug 26, 2023 9:36:56 PM org.flywaydb.core.internal.command.DbValidate validate
INFO: Successfully validated 4 migrations (execution time 00:00.025s)
Aug 26, 2023 9:36:56 PM org.flywaydb.core.internal.command.DbMigrate migrateGroup
INFO: Current version of schema "PUBLIC": 4
Aug 26, 2023 9:36:56 PM org.flywaydb.core.internal.command.DbMigrate logSummary
INFO: Schema "PUBLIC" is up to date. No migration necessary.
2023.08.26 21:36:57 INFO  time: initialize in 4.03s[0m
2023.08.26 21:36:59 INFO  Attempting to connect to the build server...[0m
2023.08.26 21:36:59 INFO  skipping build import with status 'Installed'[0m
2023.08.26 21:36:59 INFO  Bloop uses /usr/lib/jvm/java-11-openjdk-amd64 defined at /home/mikolaj/.bloop/bloop.json[0m
2023.08.26 21:37:04 INFO  no build target found for /home/mikolaj/exercism/scala/spiral-matrix/src/main/scala/SpiralMatrix.scala. Using presentation compiler with project's scala-library version: 3.3.0[0m
2023.08.26 21:37:04 INFO  tracing is disabled for protocol BSP, to enable tracing of incoming and outgoing JSON messages create an empty file at /home/mikolaj/exercism/scala/spiral-matrix/.metals/bsp.trace.json or /home/mikolaj/.cache/metals/bsp.trace.json[0m
2023.08.26 21:37:04 INFO  Attempting to connect to the build server...[0m
2023.08.26 21:37:04 INFO  Bloop uses /usr/lib/jvm/java-11-openjdk-amd64 defined at /home/mikolaj/.bloop/bloop.json[0m
Aug 26, 2023 9:37:04 PM org.eclipse.lsp4j.jsonrpc.RemoteEndpoint handleCancellation
WARNING: Unmatched cancel notification for request id 1
2023.08.26 21:37:04 INFO  tracing is disabled for protocol BSP, to enable tracing of incoming and outgoing JSON messages create an empty file at /home/mikolaj/exercism/scala/spiral-matrix/project/.metals/bsp.trace.json or /home/mikolaj/.cache/metals/bsp.trace.json[0m
2023.08.26 21:37:04 INFO  time: Connected to build server in 5s[0m
2023.08.26 21:37:04 INFO  Connected to Build server: Bloop v1.5.8[0m
2023.08.26 21:37:04 INFO  time: Imported build in 0.21s[0m
2023.08.26 21:37:06 INFO  no build target found for /home/mikolaj/exercism/scala/spiral-matrix/src/main/scala/SpiralMatrix.scala. Using presentation compiler with project's scala-library version: 3.3.0[0m
Aug 26, 2023 9:37:06 PM org.eclipse.lsp4j.jsonrpc.RemoteEndpoint handleCancellation
WARNING: Unmatched cancel notification for request id 17
Aug 26, 2023 9:37:07 PM org.eclipse.lsp4j.jsonrpc.RemoteEndpoint handleCancellation
WARNING: Unmatched cancel notification for request id 36
2023.08.26 21:37:07 INFO  time: code lens generation in 7.8s[0m
2023.08.26 21:37:07 INFO  time: code lens generation in 3.06s[0m
2023.08.26 21:37:07 INFO  time: code lens generation in 3.14s[0m
2023.08.26 21:37:07 INFO  time: code lens generation in 3.02s[0m
2023.08.26 21:37:10 WARN  Could not find java sources in /usr/lib/jvm/src.zip, /usr/lib/jvm/lib/src.zip, /usr/lib/jvm/java-11-openjdk-amd64/src.zip, /usr/lib/jvm/java-11-openjdk-amd64/lib/src.zip, /usr/lib/jvm/src.zip, /usr/lib/jvm/lib/src.zip, /usr/lib/jvm/java-11-openjdk-amd64/src.zip, /usr/lib/jvm/java-11-openjdk-amd64/lib/src.zip. Java symbols will not be available.[0m
2023.08.26 21:37:10 WARN  Could not find java sources in /usr/lib/jvm/src.zip, /usr/lib/jvm/lib/src.zip, /usr/lib/jvm/java-11-openjdk-amd64/src.zip, /usr/lib/jvm/java-11-openjdk-amd64/lib/src.zip, /usr/lib/jvm/src.zip, /usr/lib/jvm/lib/src.zip, /usr/lib/jvm/java-11-openjdk-amd64/src.zip, /usr/lib/jvm/java-11-openjdk-amd64/lib/src.zip. Java symbols will not be available.[0m
2023.08.26 21:37:10 WARN  Could not find java sources in /usr/lib/jvm/src.zip, /usr/lib/jvm/lib/src.zip, /usr/lib/jvm/java-11-openjdk-amd64/src.zip, /usr/lib/jvm/java-11-openjdk-amd64/lib/src.zip, /usr/lib/jvm/src.zip, /usr/lib/jvm/lib/src.zip, /usr/lib/jvm/java-11-openjdk-amd64/src.zip, /usr/lib/jvm/java-11-openjdk-amd64/lib/src.zip. Java symbols will not be available.[0m
2023.08.26 21:37:10 INFO  time: indexed workspace in 5.71s[0m
2023.08.26 21:37:11 INFO  compiling spiral-matrix (1 scala source)[0m
Aug 26, 2023 9:37:12 PM org.eclipse.lsp4j.jsonrpc.RemoteEndpoint handleCancellation
WARNING: Unmatched cancel notification for request id 48
Aug 26, 2023 9:37:12 PM org.eclipse.lsp4j.jsonrpc.RemoteEndpoint handleCancellation
WARNING: Unmatched cancel notification for request id 50
Aug 26, 2023 9:37:12 PM org.eclipse.lsp4j.jsonrpc.RemoteEndpoint handleCancellation
WARNING: Unmatched cancel notification for request id 53
2023.08.26 21:37:14 INFO  time: compiled spiral-matrix in 3.15s[0m
2023.08.26 21:37:14 INFO  compiling spiral-matrix (1 scala source)[0m
2023.08.26 21:37:14 INFO  time: compiled spiral-matrix in 0.43s[0m
2023.08.26 21:37:15 WARN  Could not load snapshot text for /home/mikolaj/exercism/scala/spiral-matrix/src/main/scala/SpiralMatrix.scala[0m
2023.08.26 21:37:16 WARN  Could not load snapshot text for /home/mikolaj/exercism/scala/spiral-matrix/src/main/scala/SpiralMatrix.scala[0m
2023.08.26 21:37:16 INFO  compiling spiral-matrix (1 scala source)[0m
2023.08.26 21:37:16 INFO  time: compiled spiral-matrix in 0.12s[0m
2023.08.26 21:37:16 WARN  Could not load snapshot text for /home/mikolaj/exercism/scala/spiral-matrix/src/main/scala/SpiralMatrix.scala[0m
2023.08.26 21:37:19 WARN  Could not load snapshot text for /home/mikolaj/exercism/scala/spiral-matrix/src/main/scala/SpiralMatrix.scala[0m
2023.08.26 21:37:19 WARN  Could not load snapshot text for /home/mikolaj/exercism/scala/spiral-matrix/src/main/scala/SpiralMatrix.scala[0m
2023.08.26 21:37:20 WARN  Could not load snapshot text for /home/mikolaj/exercism/scala/spiral-matrix/src/main/scala/SpiralMatrix.scala[0m
2023.08.26 21:37:27 WARN  Could not load snapshot text for /home/mikolaj/exercism/scala/spiral-matrix/src/main/scala/SpiralMatrix.scala[0m
2023.08.26 21:37:31 WARN  Could not load snapshot text for /home/mikolaj/exercism/scala/spiral-matrix/src/main/scala/SpiralMatrix.scala[0m
2023.08.26 21:37:33 WARN  Could not load snapshot text for /home/mikolaj/exercism/scala/spiral-matrix/src/main/scala/SpiralMatrix.scala[0m
2023.08.26 21:37:34 WARN  Could not load snapshot text for /home/mikolaj/exercism/scala/spiral-matrix/src/main/scala/SpiralMatrix.scala[0m
2023.08.26 21:37:35 WARN  Could not load snapshot text for /home/mikolaj/exercism/scala/spiral-matrix/src/main/scala/SpiralMatrix.scala[0m
Aug 26, 2023 9:37:37 PM org.eclipse.lsp4j.jsonrpc.RemoteEndpoint handleCancellation
WARNING: Unmatched cancel notification for request id 152
2023.08.26 21:37:37 WARN  Could not load snapshot text for /home/mikolaj/exercism/scala/spiral-matrix/src/main/scala/SpiralMatrix.scala[0m
2023.08.26 21:37:40 WARN  Could not load snapshot text for /home/mikolaj/exercism/scala/spiral-matrix/src/main/scala/SpiralMatrix.scala[0m
2023.08.26 21:37:41 WARN  Could not load snapshot text for /home/mikolaj/exercism/scala/spiral-matrix/src/main/scala/SpiralMatrix.scala[0m
2023.08.26 21:37:41 WARN  Could not load snapshot text for /home/mikolaj/exercism/scala/spiral-matrix/src/main/scala/SpiralMatrix.scala[0m
2023.08.26 21:37:43 WARN  Could not load snapshot text for /home/mikolaj/exercism/scala/spiral-matrix/src/main/scala/SpiralMatrix.scala[0m
2023.08.26 21:37:52 WARN  Could not load snapshot text for /home/mikolaj/exercism/scala/spiral-matrix/src/main/scala/SpiralMatrix.scala[0m
2023.08.26 21:37:53 WARN  Could not load snapshot text for /home/mikolaj/exercism/scala/spiral-matrix/src/main/scala/SpiralMatrix.scala[0m
2023.08.26 21:37:53 WARN  Could not load snapshot text for /home/mikolaj/exercism/scala/spiral-matrix/src/main/scala/SpiralMatrix.scala[0m
2023.08.26 21:38:06 WARN  Could not load snapshot text for /home/mikolaj/exercism/scala/spiral-matrix/src/main/scala/SpiralMatrix.scala[0m
2023.08.26 21:38:08 WARN  Could not load snapshot text for /home/mikolaj/exercism/scala/spiral-matrix/src/main/scala/SpiralMatrix.scala[0m
2023.08.26 21:38:22 WARN  Could not load snapshot text for /home/mikolaj/exercism/scala/spiral-matrix/src/main/scala/SpiralMatrix.scala[0m
2023.08.26 21:38:23 WARN  Could not load snapshot text for /home/mikolaj/exercism/scala/spiral-matrix/src/main/scala/SpiralMatrix.scala[0m
2023.08.26 21:38:25 WARN  Could not load snapshot text for /home/mikolaj/exercism/scala/spiral-matrix/src/main/scala/SpiralMatrix.scala[0m
2023.08.26 21:38:27 WARN  Could not load snapshot text for /home/mikolaj/exercism/scala/spiral-matrix/src/main/scala/SpiralMatrix.scala[0m
2023.08.26 21:38:28 WARN  Could not load snapshot text for /home/mikolaj/exercism/scala/spiral-matrix/src/main/scala/SpiralMatrix.scala[0m
2023.08.26 21:38:29 WARN  Could not load snapshot text for /home/mikolaj/exercism/scala/spiral-matrix/src/main/scala/SpiralMatrix.scala[0m
2023.08.26 21:38:31 WARN  Could not load snapshot text for /home/mikolaj/exercism/scala/spiral-matrix/src/main/scala/SpiralMatrix.scala[0m
2023.08.26 21:38:33 WARN  Could not load snapshot text for /home/mikolaj/exercism/scala/spiral-matrix/src/main/scala/SpiralMatrix.scala[0m
2023.08.26 21:38:37 WARN  Could not load snapshot text for /home/mikolaj/exercism/scala/spiral-matrix/src/main/scala/SpiralMatrix.scala[0m
2023.08.26 21:38:40 WARN  Could not load snapshot text for /home/mikolaj/exercism/scala/spiral-matrix/src/main/scala/SpiralMatrix.scala[0m
2023.08.26 21:38:42 WARN  Could not load snapshot text for /home/mikolaj/exercism/scala/spiral-matrix/src/main/scala/SpiralMatrix.scala[0m
2023.08.26 21:38:42 WARN  Could not load snapshot text for /home/mikolaj/exercism/scala/spiral-matrix/src/main/scala/SpiralMatrix.scala[0m
2023.08.26 21:38:47 WARN  Could not load snapshot text for /home/mikolaj/exercism/scala/spiral-matrix/src/main/scala/SpiralMatrix.scala[0m
2023.08.26 21:38:47 WARN  Could not load snapshot text for /home/mikolaj/exercism/scala/spiral-matrix/src/main/scala/SpiralMatrix.scala[0m
2023.08.26 21:38:50 WARN  Could not load snapshot text for /home/mikolaj/exercism/scala/spiral-matrix/src/main/scala/SpiralMatrix.scala[0m
2023.08.26 21:38:53 WARN  Could not load snapshot text for /home/mikolaj/exercism/scala/spiral-matrix/src/main/scala/SpiralMatrix.scala[0m
2023.08.26 21:38:53 WARN  Could not load snapshot text for /home/mikolaj/exercism/scala/spiral-matrix/src/main/scala/SpiralMatrix.scala[0m
2023.08.26 21:38:55 WARN  Could not load snapshot text for /home/mikolaj/exercism/scala/spiral-matrix/src/main/scala/SpiralMatrix.scala[0m
2023.08.26 21:38:56 WARN  Could not load snapshot text for /home/mikolaj/exercism/scala/spiral-matrix/src/main/scala/SpiralMatrix.scala[0m
2023.08.26 21:38:57 WARN  Could not load snapshot text for /home/mikolaj/exercism/scala/spiral-matrix/src/main/scala/SpiralMatrix.scala[0m
2023.08.26 21:38:59 WARN  Could not load snapshot text for /home/mikolaj/exercism/scala/spiral-matrix/src/main/scala/SpiralMatrix.scala[0m
2023.08.26 21:38:59 WARN  Could not load snapshot text for /home/mikolaj/exercism/scala/spiral-matrix/src/main/scala/SpiralMatrix.scala[0m
2023.08.26 21:39:00 WARN  Could not load snapshot text for /home/mikolaj/exercism/scala/spiral-matrix/src/main/scala/SpiralMatrix.scala[0m
2023.08.26 21:39:00 WARN  Could not load snapshot text for /home/mikolaj/exercism/scala/spiral-matrix/src/main/scala/SpiralMatrix.scala[0m
2023.08.26 21:39:02 WARN  Could not load snapshot text for /home/mikolaj/exercism/scala/spiral-matrix/src/main/scala/SpiralMatrix.scala[0m
2023.08.26 21:39:02 WARN  Could not load snapshot text for /home/mikolaj/exercism/scala/spiral-matrix/src/main/scala/SpiralMatrix.scala[0m
2023.08.26 21:39:07 WARN  Could not load snapshot text for /home/mikolaj/exercism/scala/spiral-matrix/src/main/scala/SpiralMatrix.scala[0m
2023.08.26 21:39:08 WARN  Could not load snapshot text for /home/mikolaj/exercism/scala/spiral-matrix/src/main/scala/SpiralMatrix.scala[0m
2023.08.26 21:39:08 WARN  Could not load snapshot text for /home/mikolaj/exercism/scala/spiral-matrix/src/main/scala/SpiralMatrix.scala[0m
2023.08.26 21:39:10 WARN  Could not load snapshot text for /home/mikolaj/exercism/scala/spiral-matrix/src/main/scala/SpiralMatrix.scala[0m
2023.08.26 21:39:11 WARN  Could not load snapshot text for /home/mikolaj/exercism/scala/spiral-matrix/src/main/scala/SpiralMatrix.scala[0m
2023.08.26 21:39:12 WARN  Could not load snapshot text for /home/mikolaj/exercism/scala/spiral-matrix/src/main/scala/SpiralMatrix.scala[0m
2023.08.26 21:39:12 WARN  Could not load snapshot text for /home/mikolaj/exercism/scala/spiral-matrix/src/main/scala/SpiralMatrix.scala[0m
2023.08.26 21:39:14 WARN  Could not load snapshot text for /home/mikolaj/exercism/scala/spiral-matrix/src/main/scala/SpiralMatrix.scala[0m
2023.08.26 21:39:15 INFO  compiling spiral-matrix (1 scala source)[0m
2023.08.26 21:39:15 INFO  time: compiled spiral-matrix in 0.11s[0m
2023.08.26 21:39:15 WARN  Could not load snapshot text for /home/mikolaj/exercism/scala/spiral-matrix/src/main/scala/SpiralMatrix.scala[0m
2023.08.26 21:39:27 WARN  Could not load snapshot text for /home/mikolaj/exercism/scala/spiral-matrix/src/main/scala/SpiralMatrix.scala[0m
2023.08.26 21:39:29 WARN  Could not load snapshot text for /home/mikolaj/exercism/scala/spiral-matrix/src/main/scala/SpiralMatrix.scala[0m
2023.08.26 21:39:29 INFO  compiling spiral-matrix (1 scala source)[0m
2023.08.26 21:39:29 INFO  time: compiled spiral-matrix in 96ms[0m
2023.08.26 21:39:30 WARN  Could not load snapshot text for /home/mikolaj/exercism/scala/spiral-matrix/src/main/scala/SpiralMatrix.scala[0m
2023.08.26 21:39:38 WARN  Could not load snapshot text for /home/mikolaj/exercism/scala/spiral-matrix/src/main/scala/SpiralMatrix.scala[0m
2023.08.26 21:39:42 WARN  Could not load snapshot text for /home/mikolaj/exercism/scala/spiral-matrix/src/main/scala/SpiralMatrix.scala[0m
2023.08.26 21:39:44 WARN  Could not load snapshot text for /home/mikolaj/exercism/scala/spiral-matrix/src/main/scala/SpiralMatrix.scala[0m
2023.08.26 21:39:44 WARN  Could not load snapshot text for /home/mikolaj/exercism/scala/spiral-matrix/src/main/scala/SpiralMatrix.scala[0m
2023.08.26 21:39:46 WARN  Could not load snapshot text for /home/mikolaj/exercism/scala/spiral-matrix/src/main/scala/SpiralMatrix.scala[0m
2023.08.26 21:39:48 WARN  Could not load snapshot text for /home/mikolaj/exercism/scala/spiral-matrix/src/main/scala/SpiralMatrix.scala[0m
2023.08.26 21:39:48 WARN  Could not load snapshot text for /home/mikolaj/exercism/scala/spiral-matrix/src/main/scala/SpiralMatrix.scala[0m
2023.08.26 21:39:49 WARN  Could not load snapshot text for /home/mikolaj/exercism/scala/spiral-matrix/src/main/scala/SpiralMatrix.scala[0m
2023.08.26 21:39:51 WARN  Could not load snapshot text for /home/mikolaj/exercism/scala/spiral-matrix/src/main/scala/SpiralMatrix.scala[0m
2023.08.26 21:39:55 WARN  Could not load snapshot text for /home/mikolaj/exercism/scala/spiral-matrix/src/main/scala/SpiralMatrix.scala[0m
2023.08.26 21:39:58 WARN  Could not load snapshot text for /home/mikolaj/exercism/scala/spiral-matrix/src/main/scala/SpiralMatrix.scala[0m
2023.08.26 21:40:00 WARN  Could not load snapshot text for /home/mikolaj/exercism/scala/spiral-matrix/src/main/scala/SpiralMatrix.scala[0m
2023.08.26 21:40:01 WARN  Could not load snapshot text for /home/mikolaj/exercism/scala/spiral-matrix/src/main/scala/SpiralMatrix.scala[0m
2023.08.26 21:40:03 WARN  Could not load snapshot text for /home/mikolaj/exercism/scala/spiral-matrix/src/main/scala/SpiralMatrix.scala[0m
2023.08.26 21:40:04 WARN  Could not load snapshot text for /home/mikolaj/exercism/scala/spiral-matrix/src/main/scala/SpiralMatrix.scala[0m
2023.08.26 21:40:09 WARN  Could not load snapshot text for /home/mikolaj/exercism/scala/spiral-matrix/src/main/scala/SpiralMatrix.scala[0m
2023.08.26 21:40:10 WARN  Could not load snapshot text for /home/mikolaj/exercism/scala/spiral-matrix/src/main/scala/SpiralMatrix.scala[0m
Aug 26, 2023 9:40:37 PM org.eclipse.lsp4j.jsonrpc.services.GenericEndpoint notify
INFO: Unsupported notification method: $/setTrace
2023.08.26 21:40:39 WARN  Could not load snapshot text for /home/mikolaj/exercism/scala/spiral-matrix/src/main/scala/SpiralMatrix.scala[0m
2023.08.26 21:40:40 WARN  Could not load snapshot text for /home/mikolaj/exercism/scala/spiral-matrix/src/main/scala/SpiralMatrix.scala[0m
2023.08.26 21:40:42 WARN  Could not load snapshot text for /home/mikolaj/exercism/scala/spiral-matrix/src/main/scala/SpiralMatrix.scala[0m
2023.08.26 21:40:47 WARN  Could not load snapshot text for /home/mikolaj/exercism/scala/spiral-matrix/src/main/scala/SpiralMatrix.scala[0m
2023.08.26 21:41:02 WARN  Could not load snapshot text for /home/mikolaj/exercism/scala/spiral-matrix/src/main/scala/SpiralMatrix.scala[0m
2023.08.26 21:41:02 WARN  Could not load snapshot text for /home/mikolaj/exercism/scala/spiral-matrix/src/main/scala/SpiralMatrix.scala[0m
2023.08.26 21:41:04 WARN  Could not load snapshot text for /home/mikolaj/exercism/scala/spiral-matrix/src/main/scala/SpiralMatrix.scala[0m
2023.08.26 21:41:10 WARN  Could not load snapshot text for /home/mikolaj/exercism/scala/spiral-matrix/src/main/scala/SpiralMatrix.scala[0m
2023.08.26 21:41:11 WARN  Could not load snapshot text for /home/mikolaj/exercism/scala/spiral-matrix/src/main/scala/SpiralMatrix.scala[0m
2023.08.26 21:41:13 WARN  Could not load snapshot text for /home/mikolaj/exercism/scala/spiral-matrix/src/main/scala/SpiralMatrix.scala[0m
2023.08.26 21:41:15 WARN  Could not load snapshot text for /home/mikolaj/exercism/scala/spiral-matrix/src/main/scala/SpiralMatrix.scala[0m
2023.08.26 21:41:19 WARN  Could not load snapshot text for /home/mikolaj/exercism/scala/spiral-matrix/src/main/scala/SpiralMatrix.scala[0m
2023.08.26 21:41:21 WARN  Could not load snapshot text for /home/mikolaj/exercism/scala/spiral-matrix/src/main/scala/SpiralMatrix.scala[0m
2023.08.26 21:41:25 INFO  compiling spiral-matrix (1 scala source)[0m
2023.08.26 21:41:25 INFO  time: compiled spiral-matrix in 77ms[0m
2023.08.26 21:41:25 WARN  Could not load snapshot text for /home/mikolaj/exercism/scala/spiral-matrix/src/main/scala/SpiralMatrix.scala[0m
2023.08.26 21:41:43 WARN  Could not load snapshot text for /home/mikolaj/exercism/scala/spiral-matrix/src/main/scala/SpiralMatrix.scala[0m
2023.08.26 21:41:48 WARN  Could not load snapshot text for /home/mikolaj/exercism/scala/spiral-matrix/src/main/scala/SpiralMatrix.scala[0m
2023.08.26 21:41:50 WARN  Could not load snapshot text for /home/mikolaj/exercism/scala/spiral-matrix/src/main/scala/SpiralMatrix.scala[0m
2023.08.26 21:41:50 INFO  compiling spiral-matrix (1 scala source)[0m
2023.08.26 21:41:50 INFO  time: compiled spiral-matrix in 84ms[0m
2023.08.26 21:41:51 WARN  Could not load snapshot text for /home/mikolaj/exercism/scala/spiral-matrix/src/main/scala/SpiralMatrix.scala[0m
2023.08.26 21:42:15 WARN  Could not load snapshot text for /home/mikolaj/exercism/scala/spiral-matrix/src/main/scala/SpiralMatrix.scala[0m
2023.08.26 21:42:24 WARN  Could not load snapshot text for /home/mikolaj/exercism/scala/spiral-matrix/src/main/scala/SpiralMatrix.scala[0m
2023.08.26 21:42:25 WARN  Could not load snapshot text for /home/mikolaj/exercism/scala/spiral-matrix/src/main/scala/SpiralMatrix.scala[0m
2023.08.26 21:42:26 WARN  Could not load snapshot text for /home/mikolaj/exercism/scala/spiral-matrix/src/main/scala/SpiralMatrix.scala[0m
2023.08.26 21:42:28 WARN  Could not load snapshot text for /home/mikolaj/exercism/scala/spiral-matrix/src/main/scala/SpiralMatrix.scala[0m
2023.08.26 21:42:36 WARN  Could not load snapshot text for /home/mikolaj/exercism/scala/spiral-matrix/src/main/scala/SpiralMatrix.scala[0m
2023.08.26 21:42:36 INFO  compiling spiral-matrix (1 scala source)[0m
2023.08.26 21:42:38 INFO  time: compiled spiral-matrix in 1.98s[0m
2023.08.26 21:45:27 INFO  compiling spiral-matrix (1 scala source)[0m
2023.08.26 21:45:27 INFO  time: compiled spiral-matrix in 85ms[0m
2023.08.26 21:45:41 INFO  compiling spiral-matrix (1 scala source)[0m
2023.08.26 21:45:41 INFO  time: compiled spiral-matrix in 74ms[0m
2023.08.26 21:46:00 INFO  compiling spiral-matrix (1 scala source)[0m
2023.08.26 21:46:00 INFO  time: compiled spiral-matrix in 71ms[0m
2023.08.26 21:46:02 INFO  compiling spiral-matrix (1 scala source)[0m
2023.08.26 21:46:02 INFO  time: compiled spiral-matrix in 71ms[0m
2023.08.26 21:46:30 INFO  compiling spiral-matrix (1 scala source)[0m
2023.08.26 21:46:30 INFO  time: compiled spiral-matrix in 66ms[0m
2023.08.26 21:47:13 INFO  compiling spiral-matrix (1 scala source)[0m
2023.08.26 21:47:13 INFO  time: compiled spiral-matrix in 69ms[0m
2023.08.26 21:47:17 INFO  compiling spiral-matrix (1 scala source)[0m
2023.08.26 21:47:17 INFO  time: compiled spiral-matrix in 61ms[0m
Aug 26, 2023 9:47:24 PM org.eclipse.lsp4j.jsonrpc.RemoteEndpoint handleCancellation
WARNING: Unmatched cancel notification for request id 1586
2023.08.26 21:47:25 INFO  compiling spiral-matrix (1 scala source)[0m
2023.08.26 21:47:25 INFO  time: compiled spiral-matrix in 65ms[0m
Aug 26, 2023 9:49:30 PM org.eclipse.lsp4j.jsonrpc.services.GenericEndpoint notify
INFO: Unsupported notification method: $/setTrace
Aug 26, 2023 9:49:30 PM org.eclipse.lsp4j.jsonrpc.services.GenericEndpoint notify
INFO: Unsupported notification method: $/setTrace
Aug 26, 2023 9:49:31 PM org.eclipse.lsp4j.jsonrpc.services.GenericEndpoint notify
INFO: Unsupported notification method: $/setTrace
Aug 26, 2023 9:49:42 PM org.eclipse.lsp4j.jsonrpc.services.GenericEndpoint notify
INFO: Unsupported notification method: $/setTrace
Aug 26, 2023 9:49:47 PM org.eclipse.lsp4j.jsonrpc.services.GenericEndpoint notify
INFO: Unsupported notification method: $/setTrace
Aug 26, 2023 9:49:47 PM org.eclipse.lsp4j.jsonrpc.services.GenericEndpoint notify
INFO: Unsupported notification method: $/setTrace
Aug 26, 2023 9:49:47 PM org.eclipse.lsp4j.jsonrpc.services.GenericEndpoint notify
INFO: Unsupported notification method: $/setTrace
Aug 26, 2023 9:49:48 PM org.eclipse.lsp4j.jsonrpc.services.GenericEndpoint notify
INFO: Unsupported notification method: $/setTrace
Aug 26, 2023 9:49:52 PM org.eclipse.lsp4j.jsonrpc.services.GenericEndpoint notify
INFO: Unsupported notification method: $/setTrace
Aug 26, 2023 9:49:54 PM org.eclipse.lsp4j.jsonrpc.RemoteEndpoint handleCancellation
WARNING: Unmatched cancel notification for request id 1666
2023.08.26 21:50:07 INFO  compiling spiral-matrix (1 scala source)[0m
2023.08.26 21:50:07 INFO  time: compiled spiral-matrix in 30ms[0m
2023.08.26 21:50:35 INFO  compiling spiral-matrix (1 scala source)[0m
2023.08.26 21:50:35 INFO  time: compiled spiral-matrix in 86ms[0m
2023.08.26 21:50:37 INFO  compiling spiral-matrix (1 scala source)[0m
2023.08.26 21:50:37 INFO  time: compiled spiral-matrix in 73ms[0m
2023.08.26 21:51:21 INFO  compiling spiral-matrix (1 scala source)[0m
2023.08.26 21:51:21 INFO  time: compiled spiral-matrix in 59ms[0m
2023.08.26 21:51:32 INFO  compiling spiral-matrix (1 scala source)[0m
2023.08.26 21:51:32 INFO  time: compiled spiral-matrix in 71ms[0m
2023.08.26 21:51:50 INFO  compiling spiral-matrix (1 scala source)[0m
2023.08.26 21:51:50 INFO  time: compiled spiral-matrix in 45ms[0m
2023.08.26 21:51:59 INFO  compiling spiral-matrix (1 scala source)[0m
2023.08.26 21:51:59 INFO  time: compiled spiral-matrix in 0.25s[0m
2023.08.26 21:52:04 INFO  compiling spiral-matrix (1 scala source)[0m
2023.08.26 21:52:04 INFO  time: compiled spiral-matrix in 46ms[0m
2023.08.26 21:52:47 INFO  compiling spiral-matrix (1 scala source)[0m
2023.08.26 21:52:47 INFO  time: compiled spiral-matrix in 28ms[0m
2023.08.26 21:53:17 INFO  compiling spiral-matrix (1 scala source)[0m
2023.08.26 21:53:17 INFO  time: compiled spiral-matrix in 31ms[0m
2023.08.26 21:53:35 INFO  compiling spiral-matrix (1 scala source)[0m
2023.08.26 21:53:35 INFO  time: compiled spiral-matrix in 48ms[0m
2023.08.26 21:53:54 INFO  compiling spiral-matrix (1 scala source)[0m
2023.08.26 21:53:54 INFO  time: compiled spiral-matrix in 0.35s[0m
2023.08.26 21:53:55 INFO  compiling spiral-matrix (1 scala source)[0m
2023.08.26 21:53:55 INFO  time: compiled spiral-matrix in 0.11s[0m
2023.08.26 21:55:05 INFO  compiling spiral-matrix (1 scala source)[0m
2023.08.26 21:55:05 INFO  time: compiled spiral-matrix in 31ms[0m
2023.08.26 21:55:05 INFO  compiling spiral-matrix (1 scala source)[0m
2023.08.26 21:55:05 INFO  time: compiled spiral-matrix in 37ms[0m
2023.08.26 21:56:06 INFO  compiling spiral-matrix (1 scala source)[0m
2023.08.26 21:56:06 INFO  time: compiled spiral-matrix in 26ms[0m
2023.08.26 21:56:08 INFO  compiling spiral-matrix (1 scala source)[0m
2023.08.26 21:56:08 INFO  time: compiled spiral-matrix in 23ms[0m
2023.08.26 21:56:28 INFO  file:///home/mikolaj/exercism/scala/spiral-matrix/src/main/scala/SpiralMatrix.scala:12:5: stale bloop error: illegal start of simple expression
    }
    ^[0m
2023.08.26 21:56:28 INFO  file:///home/mikolaj/exercism/scala/spiral-matrix/src/main/scala/SpiralMatrix.scala:12:5: stale bloop error: illegal start of simple expression
    }
    ^[0m
2023.08.26 21:56:30 INFO  compiling spiral-matrix (1 scala source)[0m
2023.08.26 21:56:30 INFO  time: compiled spiral-matrix in 23ms[0m
2023.08.26 21:56:53 INFO  compiling spiral-matrix (1 scala source)[0m
2023.08.26 21:56:53 INFO  time: compiled spiral-matrix in 24ms[0m
2023.08.26 21:56:58 INFO  compiling spiral-matrix (1 scala source)[0m
2023.08.26 21:56:58 INFO  time: compiled spiral-matrix in 44ms[0m
2023.08.26 21:57:33 INFO  compiling spiral-matrix (1 scala source)[0m
2023.08.26 21:57:33 INFO  time: compiled spiral-matrix in 42ms[0m
something's wrong: no file:///home/mikolaj/exercism/scala/spiral-matrix/src/main/scala/SpiralMatrix.scala in Left[<error>,<error>]RangePosition(file:///home/mikolaj/exercism/scala/spiral-matrix/src/main/scala/SpiralMatrix.scala, 71, 104, 108)
something's wrong: no file:///home/mikolaj/exercism/scala/spiral-matrix/src/main/scala/SpiralMatrix.scala in Left[<error>,<error>]RangePosition(file:///home/mikolaj/exercism/scala/spiral-matrix/src/main/scala/SpiralMatrix.scala, 71, 104, 108)
2023.08.26 21:58:36 INFO  compiling spiral-matrix (1 scala source)[0m
2023.08.26 21:58:36 INFO  time: compiled spiral-matrix in 23ms[0m
Aug 26, 2023 9:59:13 PM org.eclipse.lsp4j.jsonrpc.RemoteEndpoint handleCancellation
WARNING: Unmatched cancel notification for request id 3588
2023.08.26 21:59:30 INFO  compiling spiral-matrix (1 scala source)[0m
2023.08.26 21:59:30 INFO  time: compiled spiral-matrix in 31ms[0m
Aug 26, 2023 9:59:47 PM org.eclipse.lsp4j.jsonrpc.services.GenericEndpoint notify
INFO: Unsupported notification method: $/setTrace
2023.08.26 22:00:32 WARN  no build target for: /home/mikolaj/exercism/scala/spiral-matrix/project/project/metals.sbt[0m
2023.08.26 22:00:57 INFO  compiling spiral-matrix (1 scala source)[0m
2023.08.26 22:00:57 INFO  time: compiled spiral-matrix in 59ms[0m
2023.08.26 22:01:10 INFO  compiling spiral-matrix (1 scala source)[0m
2023.08.26 22:01:10 INFO  time: compiled spiral-matrix in 24ms[0m
Aug 26, 2023 10:01:18 PM org.eclipse.lsp4j.jsonrpc.services.GenericEndpoint notify
INFO: Unsupported notification method: $/setTrace
2023.08.26 22:03:38 INFO  compiling spiral-matrix (1 scala source)[0m
2023.08.26 22:03:38 INFO  time: compiled spiral-matrix in 45ms[0m
2023.08.26 22:03:51 INFO  compiling spiral-matrix (1 scala source)[0m
2023.08.26 22:03:51 INFO  time: compiled spiral-matrix in 43ms[0m
2023.08.26 22:03:57 INFO  compiling spiral-matrix (1 scala source)[0m
2023.08.26 22:03:57 INFO  time: compiled spiral-matrix in 0.47s[0m
2023.08.26 22:04:50 INFO  compiling spiral-matrix (1 scala source)[0m
2023.08.26 22:04:50 INFO  time: compiled spiral-matrix in 29ms[0m
Aug 26, 2023 10:05:10 PM org.eclipse.lsp4j.jsonrpc.RemoteEndpoint handleCancellation
WARNING: Unmatched cancel notification for request id 4272
2023.08.26 22:05:40 INFO  compiling spiral-matrix (1 scala source)[0m
2023.08.26 22:05:40 INFO  time: compiled spiral-matrix in 23ms[0m
Aug 26, 2023 10:06:12 PM org.eclipse.lsp4j.jsonrpc.RemoteEndpoint handleCancellation
WARNING: Unmatched cancel notification for request id 4430
Aug 26, 2023 10:06:41 PM org.eclipse.lsp4j.jsonrpc.RemoteEndpoint handleCancellation
WARNING: Unmatched cancel notification for request id 4601
2023.08.26 22:06:49 INFO  compiling spiral-matrix (1 scala source)[0m
2023.08.26 22:06:49 INFO  time: compiled spiral-matrix in 23ms[0m
2023.08.26 22:06:57 INFO  compiling spiral-matrix (1 scala source)[0m
2023.08.26 22:06:57 INFO  time: compiled spiral-matrix in 24ms[0m
2023.08.26 22:07:37 INFO  compiling spiral-matrix (1 scala source)[0m
2023.08.26 22:07:37 INFO  time: compiled spiral-matrix in 25ms[0m
2023.08.26 22:07:45 INFO  compiling spiral-matrix (1 scala source)[0m
2023.08.26 22:07:45 INFO  time: compiled spiral-matrix in 25ms[0m
2023.08.26 22:07:49 INFO  compiling spiral-matrix (1 scala source)[0m
2023.08.26 22:07:49 INFO  time: compiled spiral-matrix in 29ms[0m
2023.08.26 22:08:57 INFO  compiling spiral-matrix (1 scala source)[0m
2023.08.26 22:08:57 INFO  time: compiled spiral-matrix in 25ms[0m
2023.08.26 22:09:08 INFO  compiling spiral-matrix (1 scala source)[0m
2023.08.26 22:09:08 INFO  time: compiled spiral-matrix in 24ms[0m
2023.08.26 22:09:16 INFO  compiling spiral-matrix (1 scala source)[0m
2023.08.26 22:09:16 INFO  time: compiled spiral-matrix in 22ms[0m
2023.08.26 22:10:23 INFO  compiling spiral-matrix (1 scala source)[0m
2023.08.26 22:10:23 INFO  time: compiled spiral-matrix in 26ms[0m
2023.08.26 22:10:45 INFO  compiling spiral-matrix (1 scala source)[0m
2023.08.26 22:10:45 INFO  time: compiled spiral-matrix in 26ms[0m
2023.08.26 22:13:22 INFO  compiling spiral-matrix (1 scala source)[0m
2023.08.26 22:13:22 WARN  1 deprecation (since 2.13.0); re-run with -deprecation for details[0m
2023.08.26 22:13:22 INFO  time: compiled spiral-matrix in 0.48s[0m
2023.08.26 22:22:34 INFO  Shutting down server[0m
2023.08.26 22:22:34 INFO  shutting down Metals[0m
2023.08.26 22:22:34 INFO  Shut down connection with build server.[0m
2023.08.26 22:22:34 INFO  Shut down connection with build server.[0m
2023.08.26 22:22:34 INFO  Exiting server[0m
2023.08.26 23:04:40 INFO  Started: Metals version 1.0.0 in folders '/home/mikolaj/exercism/scala/spiral-matrix' for client Visual Studio Code 1.81.1.
Aug 26, 2023 11:04:41 PM org.flywaydb.core.internal.license.VersionPrinter printVersionOnly
INFO: Flyway Community Edition 9.20.1 by Redgate
Aug 26, 2023 11:04:41 PM org.flywaydb.core.internal.license.VersionPrinter printVersion
INFO: See release notes here: https://rd.gt/416ObMi
Aug 26, 2023 11:04:41 PM org.flywaydb.core.internal.license.VersionPrinter printVersion
INFO: 
Aug 26, 2023 11:04:41 PM org.flywaydb.core.internal.database.base.BaseDatabaseType createDatabase
INFO: Database: jdbc:h2:file:/home/mikolaj/exercism/scala/spiral-matrix/.metals/metals (H2 2.1)
Aug 26, 2023 11:04:41 PM org.flywaydb.core.internal.command.DbValidate validate
INFO: Successfully validated 4 migrations (execution time 00:00.011s)
Aug 26, 2023 11:04:41 PM org.flywaydb.core.internal.command.DbMigrate migrateGroup
INFO: Current version of schema "PUBLIC": 4
Aug 26, 2023 11:04:41 PM org.flywaydb.core.internal.command.DbMigrate logSummary
INFO: Schema "PUBLIC" is up to date. No migration necessary.
2023.08.26 23:04:41 INFO  time: initialize in 0.37s
2023.08.26 23:04:42 INFO  Attempting to connect to the build server...
2023.08.26 23:04:42 INFO  Bloop uses /usr/lib/jvm/java-11-openjdk-amd64 defined at /home/mikolaj/.bloop/bloop.json
2023.08.26 23:04:42 INFO  skipping build import with status 'Installed'
2023.08.26 23:04:42 INFO  tracing is disabled for protocol BSP, to enable tracing of incoming and outgoing JSON messages create an empty file at /home/mikolaj/exercism/scala/spiral-matrix/.metals/bsp.trace.json or /home/mikolaj/.cache/metals/bsp.trace.json
2023.08.26 23:04:42 INFO  Attempting to connect to the build server...
2023.08.26 23:04:42 INFO  Bloop uses /usr/lib/jvm/java-11-openjdk-amd64 defined at /home/mikolaj/.bloop/bloop.json
2023.08.26 23:04:42 INFO  tracing is disabled for protocol BSP, to enable tracing of incoming and outgoing JSON messages create an empty file at /home/mikolaj/exercism/scala/spiral-matrix/project/.metals/bsp.trace.json or /home/mikolaj/.cache/metals/bsp.trace.json
2023.08.26 23:04:42 INFO  time: Connected to build server in 0.27s
2023.08.26 23:04:42 INFO  Connected to Build server: Bloop v1.5.8
2023.08.26 23:04:44 INFO  no build target found for /home/mikolaj/exercism/scala/spiral-matrix/src/main/scala/SpiralMatrix.scala. Using presentation compiler with project's scala-library version: 3.3.0
2023.08.26 23:04:44 INFO  time: code lens generation in 1.88s
2023.08.26 23:04:45 INFO  no build target found for /home/mikolaj/exercism/scala/spiral-matrix/src/main/scala/SpiralMatrix.scala. Using presentation compiler with project's scala-library version: 3.3.0
2023.08.26 23:04:46 INFO  time: code lens generation in 3.64s
2023.08.26 23:04:46 INFO  time: code lens generation in 1.07s
2023.08.26 23:04:47 WARN  Could not find java sources in /usr/lib/jvm/src.zip, /usr/lib/jvm/lib/src.zip, /usr/lib/jvm/java-11-openjdk-amd64/src.zip, /usr/lib/jvm/java-11-openjdk-amd64/lib/src.zip, /usr/lib/jvm/src.zip, /usr/lib/jvm/lib/src.zip, /usr/lib/jvm/java-11-openjdk-amd64/src.zip, /usr/lib/jvm/java-11-openjdk-amd64/lib/src.zip. Java symbols will not be available.
2023.08.26 23:04:47 WARN  Could not find java sources in /usr/lib/jvm/src.zip, /usr/lib/jvm/lib/src.zip, /usr/lib/jvm/java-11-openjdk-amd64/src.zip, /usr/lib/jvm/java-11-openjdk-amd64/lib/src.zip, /usr/lib/jvm/src.zip, /usr/lib/jvm/lib/src.zip, /usr/lib/jvm/java-11-openjdk-amd64/src.zip, /usr/lib/jvm/java-11-openjdk-amd64/lib/src.zip. Java symbols will not be available.
2023.08.26 23:04:47 WARN  Could not find java sources in /usr/lib/jvm/src.zip, /usr/lib/jvm/lib/src.zip, /usr/lib/jvm/java-11-openjdk-amd64/src.zip, /usr/lib/jvm/java-11-openjdk-amd64/lib/src.zip, /usr/lib/jvm/src.zip, /usr/lib/jvm/lib/src.zip, /usr/lib/jvm/java-11-openjdk-amd64/src.zip, /usr/lib/jvm/java-11-openjdk-amd64/lib/src.zip. Java symbols will not be available.
2023.08.26 23:04:47 INFO  time: indexed workspace in 3.04s
2023.08.26 23:04:47 INFO  compiling spiral-matrix (1 scala source)
2023.08.26 23:04:47 INFO  time: compiled spiral-matrix in 0.81s
2023.08.26 23:04:47 INFO  compiling spiral-matrix (1 scala source)
2023.08.26 23:04:47 INFO  time: compiled spiral-matrix in 22ms
2023.08.26 23:05:19 INFO  compiling spiral-matrix (1 scala source)
2023.08.26 23:05:19 INFO  time: compiled spiral-matrix in 26ms
2023.08.26 23:05:49 INFO  compiling spiral-matrix (1 scala source)
2023.08.26 23:05:49 INFO  time: compiled spiral-matrix in 28ms
2023.08.26 23:07:41 INFO  compiling spiral-matrix (1 scala source)
2023.08.26 23:07:41 INFO  time: compiled spiral-matrix in 34ms
2023.08.26 23:11:25 INFO  compiling spiral-matrix (1 scala source)
2023.08.26 23:11:25 INFO  time: compiled spiral-matrix in 0.12s
2023.08.26 23:14:46 INFO  compiling spiral-matrix (1 scala source)
2023.08.26 23:14:46 WARN  1 deprecation (since 2.13.0); re-run with -deprecation for details
2023.08.26 23:14:46 INFO  time: compiled spiral-matrix in 0.55s
2023.08.26 23:17:54 INFO  compiling spiral-matrix (1 scala source)
2023.08.26 23:17:54 WARN  1 deprecation (since 2.13.0); re-run with -deprecation for details
2023.08.26 23:17:54 INFO  time: compiled spiral-matrix in 0.45s
2023.08.26 23:18:04 INFO  compiling spiral-matrix (1 scala source)
2023.08.26 23:18:04 WARN  1 deprecation (since 2.13.0); re-run with -deprecation for details
2023.08.26 23:18:04 INFO  time: compiled spiral-matrix in 0.42s
2023.08.26 23:18:11 INFO  compiling spiral-matrix (1 scala source)
2023.08.26 23:18:11 WARN  1 deprecation (since 2.13.0); re-run with -deprecation for details
2023.08.26 23:18:11 INFO  time: compiled spiral-matrix in 0.41s
2023.08.26 23:18:13 INFO  compiling spiral-matrix (1 scala source)
2023.08.26 23:18:13 WARN  1 deprecation (since 2.13.0); re-run with -deprecation for details
2023.08.26 23:18:13 INFO  time: compiled spiral-matrix in 0.16s
2023.08.26 23:25:36 INFO  compiling spiral-matrix (1 scala source)
2023.08.26 23:25:36 WARN  1 deprecation (since 2.13.0); re-run with -deprecation for details
2023.08.26 23:25:36 INFO  time: compiled spiral-matrix in 0.55s
2023.08.26 23:28:38 INFO  compiling spiral-matrix (1 scala source)
2023.08.26 23:28:38 INFO  time: compiled spiral-matrix in 0.49s
2023.08.26 23:38:14 INFO  compiling spiral-matrix (1 scala source)
2023.08.26 23:38:14 INFO  time: compiled spiral-matrix in 0.49s
